{
  "stats": {
    "suites": 9,
    "tests": 45,
    "passes": 42,
    "pending": 0,
    "failures": 3,
    "start": "2021-11-29T08:59:03.318Z",
    "end": "2021-11-29T09:55:56.586Z",
    "duration": 121622,
    "testsRegistered": 45,
    "passPercent": 93.33333333333333,
    "pendingPercent": 0,
    "other": 0,
    "hasOther": false,
    "skipped": 0,
    "hasSkipped": false
  },
  "results": [
    {
      "uuid": "b2a4b788-475c-44b9-a7d0-fa78491ed3ec",
      "title": "",
      "fullFile": "cypress/integration/TC02_HomePageVerification.js",
      "file": "cypress/integration/TC02_HomePageVerification.js",
      "beforeHooks": [],
      "afterHooks": [],
      "tests": [],
      "suites": [
        {
          "uuid": "f577387a-fa31-4cfd-bdef-be3146c62f4f",
          "title": "01_Homepage Verification",
          "fullFile": "",
          "file": "",
          "beforeHooks": [],
          "afterHooks": [],
          "tests": [
            {
              "title": "Load page",
              "fullTitle": "01_Homepage Verification Load page",
              "timedOut": null,
              "duration": 13514,
              "state": "passed",
              "speed": "slow",
              "pass": true,
              "fail": false,
              "pending": false,
              "context": null,
              "code": "//Example of error : Timed out after waiting 60000ms to load.\ncy.visit('https://fr.foncia.com//'); //Remove gestion des Cookies popup\ncy.get('body > app-root > app-cookie-banner > div.cookie-container-cta > div > app-foncia-button > button').click();",
              "err": {},
              "uuid": "a4e89595-a544-46f5-963f-1fe054f692ea",
              "parentUUID": "f577387a-fa31-4cfd-bdef-be3146c62f4f",
              "isHook": false,
              "skipped": false
            },
            {
              "title": "Check Logo",
              "fullTitle": "01_Homepage Verification Check Logo",
              "timedOut": null,
              "duration": 232,
              "state": "passed",
              "speed": "fast",
              "pass": true,
              "fail": false,
              "pending": false,
              "context": null,
              "code": "//logo exist\ncy.get('body > app-root > app-header > header > div.header-logo > a > img').should('be.visible');",
              "err": {},
              "uuid": "b08d11dc-36ac-4be3-8158-fa43d04391bf",
              "parentUUID": "f577387a-fa31-4cfd-bdef-be3146c62f4f",
              "isHook": false,
              "skipped": false
            },
            {
              "title": "Check Menu button",
              "fullTitle": "01_Homepage Verification Check Menu button",
              "timedOut": null,
              "duration": 759,
              "state": "passed",
              "speed": "fast",
              "pass": true,
              "fail": false,
              "pending": false,
              "context": null,
              "code": "//Menu button exist\ncy.get('body > app-root > app-header > header > div.header-button.header-button-mobile > p-button > button > span.p-button-label.ng-star-inserted').should('be.visible'); //Once you click on Menu button\ncy.get('body > app-root > app-header > header > div.header-button.header-button-mobile > p-button > button > span.p-button-label.ng-star-inserted').click(); //Acheter option should be visible\ncy.get('body > app-root > app-header > header > div.header-content.p-d-flex.p-flex-column.p-flex-lg-row.p-jc-end.p-ai-center.visible > div.header-content-links.p-d-flex.p-flex-column.p-flex-lg-row.p-ai-center > div:nth-child(1) > a').should('be.visible'); //Louer Option should be visible\ncy.get('body > app-root > app-header > header > div.header-content.p-d-flex.p-flex-column.p-flex-lg-row.p-jc-end.p-ai-center.visible > div.header-content-links.p-d-flex.p-flex-column.p-flex-lg-row.p-ai-center > div:nth-child(2) > a').should('be.visible'); //Vendre Option should be visible\ncy.get('body > app-root > app-header > header > div.header-content.p-d-flex.p-flex-column.p-flex-lg-row.p-jc-end.p-ai-center.visible > div.header-content-links.p-d-flex.p-flex-column.p-flex-lg-row.p-ai-center > div:nth-child(3) > a').should('be.visible'); //Gestion Locative Option should be visible\ncy.get('body > app-root > app-header > header > div.header-content.p-d-flex.p-flex-column.p-flex-lg-row.p-jc-end.p-ai-center.visible > div.header-content-links.p-d-flex.p-flex-column.p-flex-lg-row.p-ai-center > div:nth-child(4) > a').should('be.visible'); //Syndic de copropriete Option should be visible\ncy.get('body > app-root > app-header > header > div.header-content.p-d-flex.p-flex-column.p-flex-lg-row.p-jc-end.p-ai-center.visible > div.header-content-links.p-d-flex.p-flex-column.p-flex-lg-row.p-ai-center > div:nth-child(5) > a').should('be.visible'); //Louer decovrir Foncia should be visible\ncy.get('body > app-root > app-header > header > div.header-content.p-d-flex.p-flex-column.p-flex-lg-row.p-jc-end.p-ai-center.visible > div.header-content-links.p-d-flex.p-flex-column.p-flex-lg-row.p-ai-center > div:nth-child(6) > a').should('be.visible'); //Louer Carrieres should be visible\ncy.get('body > app-root > app-header > header > div.header-content.p-d-flex.p-flex-column.p-flex-lg-row.p-jc-end.p-ai-center.visible > div.header-content-links.p-d-flex.p-flex-column.p-flex-lg-row.p-ai-center > div:nth-child(7) > a').should('be.visible'); //button my Foncia should be exist\ncy.get('body > app-root > app-header > header > div.header-content.p-d-flex.p-flex-column.p-flex-lg-row.p-jc-end.p-ai-center.visible > div.header-foncia.w-100 > div.header-content-foncia.p-d-flex.p-jc-center.p-ai-center > div > app-foncia-button > a').should('be.visible'); //Exit Menu option\ncy.get('body > app-root > app-header > header > div.header-button.header-button-mobile > p-button > button > span.p-button-label.ng-star-inserted').click();",
              "err": {},
              "uuid": "a9507ae3-244b-4d6d-b247-a98f12eb1173",
              "parentUUID": "f577387a-fa31-4cfd-bdef-be3146c62f4f",
              "isHook": false,
              "skipped": false
            },
            {
              "title": "FunctionalTest : check Image",
              "fullTitle": "01_Homepage Verification FunctionalTest : check Image",
              "timedOut": null,
              "duration": 53,
              "state": "passed",
              "speed": "fast",
              "pass": true,
              "fail": false,
              "pending": false,
              "context": null,
              "code": "//Image is visible\ncy.get('body > app-root > app-home > div > app-home-profiles > div > div.content-container > app-foncia-card > div.card-cards > div.card-cards-img > div:nth-child(1) > img').should('be.visible');",
              "err": {},
              "uuid": "ebbdd72f-b6dd-4a1c-9121-eb7bf492da7d",
              "parentUUID": "f577387a-fa31-4cfd-bdef-be3146c62f4f",
              "isHook": false,
              "skipped": false
            },
            {
              "title": "Check Menu button",
              "fullTitle": "01_Homepage Verification Check Menu button",
              "timedOut": null,
              "duration": 53,
              "state": "passed",
              "speed": "fast",
              "pass": true,
              "fail": false,
              "pending": false,
              "context": null,
              "code": "//Menu button exist\ncy.get('body > app-root > app-header > header > div.header-button.header-button-mobile > p-button > button > span.p-button-label.ng-star-inserted').should('be.visible');",
              "err": {},
              "uuid": "cb2d9c77-42fe-4d30-bc94-8f591e4bcb6a",
              "parentUUID": "f577387a-fa31-4cfd-bdef-be3146c62f4f",
              "isHook": false,
              "skipped": false
            },
            {
              "title": "FunctionalTest : check Cluster Rechercher un bien ",
              "fullTitle": "01_Homepage Verification FunctionalTest : check Cluster Rechercher un bien ",
              "timedOut": null,
              "duration": 400,
              "state": "passed",
              "speed": "fast",
              "pass": true,
              "fail": false,
              "pending": false,
              "context": null,
              "code": "//Rechercher un bien must have \ncy.get('#search-bar > div > label:nth-child(2)').click();\ncy.get('#projectToggle').should('be.visible');\ncy.get('#propertyToggle').should('be.visible');\ncy.get('#price').should('be.visible');\ncy.get('#city').should('be.visible');",
              "err": {},
              "uuid": "7f66fb9c-6c2f-4f39-8cea-0220eb710e8d",
              "parentUUID": "f577387a-fa31-4cfd-bdef-be3146c62f4f",
              "isHook": false,
              "skipped": false
            }
          ],
          "suites": [],
          "passes": [
            "a4e89595-a544-46f5-963f-1fe054f692ea",
            "b08d11dc-36ac-4be3-8158-fa43d04391bf",
            "a9507ae3-244b-4d6d-b247-a98f12eb1173",
            "ebbdd72f-b6dd-4a1c-9121-eb7bf492da7d",
            "cb2d9c77-42fe-4d30-bc94-8f591e4bcb6a",
            "7f66fb9c-6c2f-4f39-8cea-0220eb710e8d"
          ],
          "failures": [],
          "pending": [],
          "skipped": [],
          "duration": 15011,
          "root": false,
          "rootEmpty": false,
          "_timeout": 2000
        }
      ],
      "passes": [],
      "failures": [],
      "pending": [],
      "skipped": [],
      "duration": 0,
      "root": true,
      "rootEmpty": true,
      "_timeout": 2000
    },
    {
      "uuid": "91fc0af1-c7e5-40f3-8065-174abc15e9b4",
      "title": "",
      "fullFile": "cypress/integration/TC03_SearchFunctionality.js",
      "file": "cypress/integration/TC03_SearchFunctionality.js",
      "beforeHooks": [],
      "afterHooks": [],
      "tests": [],
      "suites": [
        {
          "uuid": "d5a52856-b3e4-4abc-823f-3f5bb427bbc0",
          "title": "Enter Criterea ",
          "fullFile": "",
          "file": "",
          "beforeHooks": [],
          "afterHooks": [],
          "tests": [
            {
              "title": "visit fr.foncia.com",
              "fullTitle": "Enter Criterea  visit fr.foncia.com",
              "timedOut": null,
              "duration": 13805,
              "state": "passed",
              "speed": "slow",
              "pass": true,
              "fail": false,
              "pending": false,
              "context": null,
              "code": "cy.visit('https://fr.foncia.com//'); //Remove gestion des Cookies popup\ncy.get('body > app-root > app-cookie-banner > div.cookie-container-cta > div > app-foncia-button > button').click();",
              "err": {},
              "uuid": "a572c9a4-49f6-4a3e-b5cf-96be74b4c3cd",
              "parentUUID": "d5a52856-b3e4-4abc-823f-3f5bb427bbc0",
              "isHook": false,
              "skipped": false
            },
            {
              "title": "Fill property ",
              "fullTitle": "Enter Criterea  Fill property ",
              "timedOut": null,
              "duration": 1390,
              "state": "passed",
              "speed": "fast",
              "pass": true,
              "fail": false,
              "pending": false,
              "context": null,
              "code": "cy.get('#propertyToggle').click();\ncy.get('#search-bar > div > form:nth-child(3) > div > div:nth-child(2) > div.popup-form.dropdown-content.p-d-flex.p-jc-between.ng-star-inserted', {\n  timeout: 20\n}).should('be.visible').children().contains(criteria.Biens).click();",
              "err": {},
              "uuid": "362d8e5c-ec78-44d8-8a42-39f3b92a6562",
              "parentUUID": "d5a52856-b3e4-4abc-823f-3f5bb427bbc0",
              "isHook": false,
              "skipped": false
            },
            {
              "title": "Fill project",
              "fullTitle": "Enter Criterea  Fill project",
              "timedOut": null,
              "duration": 625,
              "state": "passed",
              "speed": "fast",
              "pass": true,
              "fail": false,
              "pending": false,
              "context": null,
              "code": "cy.get('#projectToggle > p').click();\ncy.get('#search-bar > div > form.research-bar-tab.search-bar-form.w-100.p-d-none.ng-invalid.ng-dirty.ng-touched > div > div:nth-child(1) > div.popup-form.dropdown-content.p-d-flex.p-flex-column.ng-star-inserted', {\n  timeout: 10000\n}).should('be.visible').children().contains(criteria.Projet).click();",
              "err": {},
              "uuid": "ae819c8e-4aa7-4718-8df8-f37bf0a67536",
              "parentUUID": "d5a52856-b3e4-4abc-823f-3f5bb427bbc0",
              "isHook": false,
              "skipped": false
            },
            {
              "title": "Fill Price ",
              "fullTitle": "Enter Criterea  Fill Price ",
              "timedOut": null,
              "duration": 447,
              "state": "passed",
              "speed": "fast",
              "pass": true,
              "fail": false,
              "pending": false,
              "context": null,
              "code": "//Wait until price area appear then put your price\ncy.get('#price', {\n  timeout: 20\n}).should('be.visible').type(criteria.Prix);",
              "err": {},
              "uuid": "4e470340-cba6-4b4e-9f8f-2f1baa9b5027",
              "parentUUID": "d5a52856-b3e4-4abc-823f-3f5bb427bbc0",
              "isHook": false,
              "skipped": false
            },
            {
              "title": "Fill Location ",
              "fullTitle": "Enter Criterea  Fill Location ",
              "timedOut": null,
              "duration": 1577,
              "state": "passed",
              "speed": "fast",
              "pass": true,
              "fail": false,
              "pending": false,
              "context": null,
              "code": "cy.get('#city').type('Paris');\ncy.get('#pr_id_1_list').contains(criteria.city).click();",
              "err": {},
              "uuid": "864e788c-c5f9-420d-8c74-04084aad3924",
              "parentUUID": "d5a52856-b3e4-4abc-823f-3f5bb427bbc0",
              "isHook": false,
              "skipped": false
            },
            {
              "title": "Submit searching ",
              "fullTitle": "Enter Criterea  Submit searching ",
              "timedOut": null,
              "duration": 309,
              "state": "passed",
              "speed": "fast",
              "pass": true,
              "fail": false,
              "pending": false,
              "context": null,
              "code": "cy.get('#search-bar > div > form.research-bar-tab.search-bar-form.w-100.p-d-none.ng-dirty.ng-touched.ng-valid > div > div.button.p-col-12.p-md-4.p-xl-12.p-d-flex.p-ai-end > app-foncia-button > button').click();",
              "err": {},
              "uuid": "d5308dac-7aba-4d79-997b-7774ac8411ef",
              "parentUUID": "d5a52856-b3e4-4abc-823f-3f5bb427bbc0",
              "isHook": false,
              "skipped": false
            }
          ],
          "suites": [],
          "passes": [
            "a572c9a4-49f6-4a3e-b5cf-96be74b4c3cd",
            "362d8e5c-ec78-44d8-8a42-39f3b92a6562",
            "ae819c8e-4aa7-4718-8df8-f37bf0a67536",
            "4e470340-cba6-4b4e-9f8f-2f1baa9b5027",
            "864e788c-c5f9-420d-8c74-04084aad3924",
            "d5308dac-7aba-4d79-997b-7774ac8411ef"
          ],
          "failures": [],
          "pending": [],
          "skipped": [],
          "duration": 18153,
          "root": false,
          "rootEmpty": false,
          "_timeout": 2000
        }
      ],
      "passes": [],
      "failures": [],
      "pending": [],
      "skipped": [],
      "duration": 0,
      "root": true,
      "rootEmpty": true,
      "_timeout": 2000
    },
    {
      "uuid": "66402e1f-72b9-41be-8d7f-cd2360ef709a",
      "title": "",
      "fullFile": "cypress/integration/TC01_FirstOnGoogleSearch.js",
      "file": "cypress/integration/TC01_FirstOnGoogleSearch.js",
      "beforeHooks": [],
      "afterHooks": [],
      "tests": [],
      "suites": [
        {
          "uuid": "1760d5cb-82f1-4597-bed2-3456fe454646",
          "title": "01_Test Case : Check Foncia is first on google Search",
          "fullFile": "",
          "file": "",
          "beforeHooks": [],
          "afterHooks": [],
          "tests": [
            {
              "title": "Search for Foncia",
              "fullTitle": "01_Test Case : Check Foncia is first on google Search Search for Foncia",
              "timedOut": null,
              "duration": 3861,
              "state": "passed",
              "speed": "fast",
              "pass": true,
              "fail": false,
              "pending": false,
              "context": null,
              "code": "//Action : search on google for Foncia\ncy.visit('https://www.google.com/search?q=Foncia'); //Get first element\ncy.get('#search a') //Make an assertion should be our site\n.invoke('attr', 'href').should('eq', 'https://fr.foncia.com/').then(href => console.log(href));",
              "err": {},
              "uuid": "559aabb8-c3f9-47a7-9836-dd18d8c12f68",
              "parentUUID": "1760d5cb-82f1-4597-bed2-3456fe454646",
              "isHook": false,
              "skipped": false
            }
          ],
          "suites": [],
          "passes": [
            "559aabb8-c3f9-47a7-9836-dd18d8c12f68"
          ],
          "failures": [],
          "pending": [],
          "skipped": [],
          "duration": 3861,
          "root": false,
          "rootEmpty": false,
          "_timeout": 2000
        }
      ],
      "passes": [],
      "failures": [],
      "pending": [],
      "skipped": [],
      "duration": 0,
      "root": true,
      "rootEmpty": true,
      "_timeout": 2000
    },
    {
      "uuid": "1e231e05-9494-4884-b538-9061dacedce2",
      "title": "",
      "fullFile": "cypress/integration/TC02_HomePageVerification.js",
      "file": "cypress/integration/TC02_HomePageVerification.js",
      "beforeHooks": [],
      "afterHooks": [],
      "tests": [],
      "suites": [
        {
          "uuid": "13ec7ef7-f9d3-4597-9526-d4e78586b035",
          "title": "01_Homepage Verification",
          "fullFile": "",
          "file": "",
          "beforeHooks": [],
          "afterHooks": [],
          "tests": [
            {
              "title": "Load page",
              "fullTitle": "01_Homepage Verification Load page",
              "timedOut": null,
              "duration": 14591,
              "state": "passed",
              "speed": "slow",
              "pass": true,
              "fail": false,
              "pending": false,
              "context": null,
              "code": "//Example of error : Timed out after waiting 60000ms to load.\ncy.visit('https://fr.foncia.com//'); //Remove gestion des Cookies popup\ncy.get('body > app-root > app-cookie-banner > div.cookie-container-cta > div > app-foncia-button > button').click();",
              "err": {},
              "uuid": "f13e4c99-b12d-4728-90cc-290a1615dd3b",
              "parentUUID": "13ec7ef7-f9d3-4597-9526-d4e78586b035",
              "isHook": false,
              "skipped": false
            },
            {
              "title": "Check Logo",
              "fullTitle": "01_Homepage Verification Check Logo",
              "timedOut": null,
              "duration": 204,
              "state": "passed",
              "speed": "fast",
              "pass": true,
              "fail": false,
              "pending": false,
              "context": null,
              "code": "//logo exist\ncy.get('body > app-root > app-header > header > div.header-logo > a > img').should('be.visible');",
              "err": {},
              "uuid": "f4f398c1-0dea-4fd1-a6bf-b606eeaaab05",
              "parentUUID": "13ec7ef7-f9d3-4597-9526-d4e78586b035",
              "isHook": false,
              "skipped": false
            },
            {
              "title": "Check Menu button",
              "fullTitle": "01_Homepage Verification Check Menu button",
              "timedOut": null,
              "duration": 759,
              "state": "passed",
              "speed": "fast",
              "pass": true,
              "fail": false,
              "pending": false,
              "context": null,
              "code": "//Menu button exist\ncy.get('body > app-root > app-header > header > div.header-button.header-button-mobile > p-button > button > span.p-button-label.ng-star-inserted').should('be.visible'); //Once you click on Menu button\ncy.get('body > app-root > app-header > header > div.header-button.header-button-mobile > p-button > button > span.p-button-label.ng-star-inserted').click(); //Acheter option should be visible\ncy.get('body > app-root > app-header > header > div.header-content.p-d-flex.p-flex-column.p-flex-lg-row.p-jc-end.p-ai-center.visible > div.header-content-links.p-d-flex.p-flex-column.p-flex-lg-row.p-ai-center > div:nth-child(1) > a').should('be.visible'); //Louer Option should be visible\ncy.get('body > app-root > app-header > header > div.header-content.p-d-flex.p-flex-column.p-flex-lg-row.p-jc-end.p-ai-center.visible > div.header-content-links.p-d-flex.p-flex-column.p-flex-lg-row.p-ai-center > div:nth-child(2) > a').should('be.visible'); //Vendre Option should be visible\ncy.get('body > app-root > app-header > header > div.header-content.p-d-flex.p-flex-column.p-flex-lg-row.p-jc-end.p-ai-center.visible > div.header-content-links.p-d-flex.p-flex-column.p-flex-lg-row.p-ai-center > div:nth-child(3) > a').should('be.visible'); //Gestion Locative Option should be visible\ncy.get('body > app-root > app-header > header > div.header-content.p-d-flex.p-flex-column.p-flex-lg-row.p-jc-end.p-ai-center.visible > div.header-content-links.p-d-flex.p-flex-column.p-flex-lg-row.p-ai-center > div:nth-child(4) > a').should('be.visible'); //Syndic de copropriete Option should be visible\ncy.get('body > app-root > app-header > header > div.header-content.p-d-flex.p-flex-column.p-flex-lg-row.p-jc-end.p-ai-center.visible > div.header-content-links.p-d-flex.p-flex-column.p-flex-lg-row.p-ai-center > div:nth-child(5) > a').should('be.visible'); //Louer decovrir Foncia should be visible\ncy.get('body > app-root > app-header > header > div.header-content.p-d-flex.p-flex-column.p-flex-lg-row.p-jc-end.p-ai-center.visible > div.header-content-links.p-d-flex.p-flex-column.p-flex-lg-row.p-ai-center > div:nth-child(6) > a').should('be.visible'); //Louer Carrieres should be visible\ncy.get('body > app-root > app-header > header > div.header-content.p-d-flex.p-flex-column.p-flex-lg-row.p-jc-end.p-ai-center.visible > div.header-content-links.p-d-flex.p-flex-column.p-flex-lg-row.p-ai-center > div:nth-child(7) > a').should('be.visible'); //button my Foncia should be exist\ncy.get('body > app-root > app-header > header > div.header-content.p-d-flex.p-flex-column.p-flex-lg-row.p-jc-end.p-ai-center.visible > div.header-foncia.w-100 > div.header-content-foncia.p-d-flex.p-jc-center.p-ai-center > div > app-foncia-button > a').should('be.visible'); //Exit Menu option\ncy.get('body > app-root > app-header > header > div.header-button.header-button-mobile > p-button > button > span.p-button-label.ng-star-inserted').click();",
              "err": {},
              "uuid": "6ac3fc81-0a22-4030-b2b4-72e1542c10ca",
              "parentUUID": "13ec7ef7-f9d3-4597-9526-d4e78586b035",
              "isHook": false,
              "skipped": false
            },
            {
              "title": "FunctionalTest : check Image",
              "fullTitle": "01_Homepage Verification FunctionalTest : check Image",
              "timedOut": null,
              "duration": 81,
              "state": "passed",
              "speed": "fast",
              "pass": true,
              "fail": false,
              "pending": false,
              "context": null,
              "code": "//Image is visible\ncy.get('body > app-root > app-home > div > app-home-profiles > div > div.content-container > app-foncia-card > div.card-cards > div.card-cards-img > div:nth-child(1) > img').should('be.visible');",
              "err": {},
              "uuid": "b02f8da6-eb05-45b3-8b62-e71c958217d2",
              "parentUUID": "13ec7ef7-f9d3-4597-9526-d4e78586b035",
              "isHook": false,
              "skipped": false
            },
            {
              "title": "Check Menu button",
              "fullTitle": "01_Homepage Verification Check Menu button",
              "timedOut": null,
              "duration": 37,
              "state": "passed",
              "speed": "fast",
              "pass": true,
              "fail": false,
              "pending": false,
              "context": null,
              "code": "//Menu button exist\ncy.get('body > app-root > app-header > header > div.header-button.header-button-mobile > p-button > button > span.p-button-label.ng-star-inserted').should('be.visible');",
              "err": {},
              "uuid": "9b90fb44-f42f-4407-8aa0-a7c2301cb457",
              "parentUUID": "13ec7ef7-f9d3-4597-9526-d4e78586b035",
              "isHook": false,
              "skipped": false
            },
            {
              "title": "FunctionalTest : check Cluster Rechercher un bien ",
              "fullTitle": "01_Homepage Verification FunctionalTest : check Cluster Rechercher un bien ",
              "timedOut": null,
              "duration": 436,
              "state": "passed",
              "speed": "fast",
              "pass": true,
              "fail": false,
              "pending": false,
              "context": null,
              "code": "//Rechercher un bien must have \ncy.get('#search-bar > div > label:nth-child(2)').click();\ncy.get('#projectToggle').should('be.visible');\ncy.get('#propertyToggle').should('be.visible');\ncy.get('#price').should('be.visible');\ncy.get('#city').should('be.visible');",
              "err": {},
              "uuid": "92a930b8-8a89-4e91-b886-05c1ec154a78",
              "parentUUID": "13ec7ef7-f9d3-4597-9526-d4e78586b035",
              "isHook": false,
              "skipped": false
            }
          ],
          "suites": [],
          "passes": [
            "f13e4c99-b12d-4728-90cc-290a1615dd3b",
            "f4f398c1-0dea-4fd1-a6bf-b606eeaaab05",
            "6ac3fc81-0a22-4030-b2b4-72e1542c10ca",
            "b02f8da6-eb05-45b3-8b62-e71c958217d2",
            "9b90fb44-f42f-4407-8aa0-a7c2301cb457",
            "92a930b8-8a89-4e91-b886-05c1ec154a78"
          ],
          "failures": [],
          "pending": [],
          "skipped": [],
          "duration": 16108,
          "root": false,
          "rootEmpty": false,
          "_timeout": 2000
        }
      ],
      "passes": [],
      "failures": [],
      "pending": [],
      "skipped": [],
      "duration": 0,
      "root": true,
      "rootEmpty": true,
      "_timeout": 2000
    },
    {
      "uuid": "6b07cded-88ac-499b-9a2b-527881d406e7",
      "title": "",
      "fullFile": "cypress/integration/TC03_SearchFunctionality.js",
      "file": "cypress/integration/TC03_SearchFunctionality.js",
      "beforeHooks": [],
      "afterHooks": [],
      "tests": [],
      "suites": [
        {
          "uuid": "e8748950-fb52-42bf-a919-a5c161f85f8f",
          "title": "Enter Criterea ",
          "fullFile": "",
          "file": "",
          "beforeHooks": [],
          "afterHooks": [],
          "tests": [
            {
              "title": "visit fr.foncia.com",
              "fullTitle": "Enter Criterea  visit fr.foncia.com",
              "timedOut": null,
              "duration": 12414,
              "state": "passed",
              "speed": "slow",
              "pass": true,
              "fail": false,
              "pending": false,
              "context": null,
              "code": "cy.visit('https://fr.foncia.com//'); //Remove gestion des Cookies popup\ncy.get('body > app-root > app-cookie-banner > div.cookie-container-cta > div > app-foncia-button > button').click();",
              "err": {},
              "uuid": "77524821-5551-4ba2-a184-e8a71150245a",
              "parentUUID": "e8748950-fb52-42bf-a919-a5c161f85f8f",
              "isHook": false,
              "skipped": false
            },
            {
              "title": "Fill property ",
              "fullTitle": "Enter Criterea  Fill property ",
              "timedOut": null,
              "duration": 948,
              "state": "passed",
              "speed": "fast",
              "pass": true,
              "fail": false,
              "pending": false,
              "context": null,
              "code": "cy.get('#propertyToggle').click();\ncy.get('#search-bar > div > form:nth-child(3) > div > div:nth-child(2) > div.popup-form.dropdown-content.p-d-flex.p-jc-between.ng-star-inserted', {\n  timeout: 20\n}).should('be.visible').children().contains(criteria.Biens).click();",
              "err": {},
              "uuid": "f072b939-90b0-4b24-b005-0e8a88bb93b8",
              "parentUUID": "e8748950-fb52-42bf-a919-a5c161f85f8f",
              "isHook": false,
              "skipped": false
            },
            {
              "title": "Fill project",
              "fullTitle": "Enter Criterea  Fill project",
              "timedOut": null,
              "duration": 703,
              "state": "passed",
              "speed": "fast",
              "pass": true,
              "fail": false,
              "pending": false,
              "context": null,
              "code": "cy.get('#projectToggle > p').click();\ncy.get('#search-bar > div > form.research-bar-tab.search-bar-form.w-100.p-d-none.ng-invalid.ng-dirty.ng-touched > div > div:nth-child(1) > div.popup-form.dropdown-content.p-d-flex.p-flex-column.ng-star-inserted', {\n  timeout: 10000\n}).should('be.visible').children().contains(criteria.Projet).click();",
              "err": {},
              "uuid": "98a38b4f-4a04-4d8e-ac5b-49f4bf1a3456",
              "parentUUID": "e8748950-fb52-42bf-a919-a5c161f85f8f",
              "isHook": false,
              "skipped": false
            },
            {
              "title": "Fill Price ",
              "fullTitle": "Enter Criterea  Fill Price ",
              "timedOut": null,
              "duration": 433,
              "state": "passed",
              "speed": "fast",
              "pass": true,
              "fail": false,
              "pending": false,
              "context": null,
              "code": "//Wait until price area appear then put your price\ncy.get('#price', {\n  timeout: 20\n}).should('be.visible').type(criteria.Prix);",
              "err": {},
              "uuid": "479a0257-b9aa-4c6d-8ff6-21fc4527d99a",
              "parentUUID": "e8748950-fb52-42bf-a919-a5c161f85f8f",
              "isHook": false,
              "skipped": false
            },
            {
              "title": "Fill Location ",
              "fullTitle": "Enter Criterea  Fill Location ",
              "timedOut": null,
              "duration": 1264,
              "state": "passed",
              "speed": "fast",
              "pass": true,
              "fail": false,
              "pending": false,
              "context": null,
              "code": "cy.get('#city').type('Paris');\ncy.get('#pr_id_1_list').contains(criteria.city).click();",
              "err": {},
              "uuid": "01016621-7deb-4872-a5c4-9dab9d933b06",
              "parentUUID": "e8748950-fb52-42bf-a919-a5c161f85f8f",
              "isHook": false,
              "skipped": false
            },
            {
              "title": "Submit searching ",
              "fullTitle": "Enter Criterea  Submit searching ",
              "timedOut": null,
              "duration": 319,
              "state": "passed",
              "speed": "fast",
              "pass": true,
              "fail": false,
              "pending": false,
              "context": null,
              "code": "cy.get('#search-bar > div > form.research-bar-tab.search-bar-form.w-100.p-d-none.ng-dirty.ng-touched.ng-valid > div > div.button.p-col-12.p-md-4.p-xl-12.p-d-flex.p-ai-end > app-foncia-button > button').click();",
              "err": {},
              "uuid": "ff6aa57f-e981-40d6-94f9-73a55bff776b",
              "parentUUID": "e8748950-fb52-42bf-a919-a5c161f85f8f",
              "isHook": false,
              "skipped": false
            }
          ],
          "suites": [],
          "passes": [
            "77524821-5551-4ba2-a184-e8a71150245a",
            "f072b939-90b0-4b24-b005-0e8a88bb93b8",
            "98a38b4f-4a04-4d8e-ac5b-49f4bf1a3456",
            "479a0257-b9aa-4c6d-8ff6-21fc4527d99a",
            "01016621-7deb-4872-a5c4-9dab9d933b06",
            "ff6aa57f-e981-40d6-94f9-73a55bff776b"
          ],
          "failures": [],
          "pending": [],
          "skipped": [],
          "duration": 16081,
          "root": false,
          "rootEmpty": false,
          "_timeout": 2000
        }
      ],
      "passes": [],
      "failures": [],
      "pending": [],
      "skipped": [],
      "duration": 0,
      "root": true,
      "rootEmpty": true,
      "_timeout": 2000
    },
    {
      "uuid": "a297cf62-8aa1-4bcf-beba-29bf4c6aada9",
      "title": "",
      "fullFile": "cypress/integration/TC01_FirstOnGoogleSearch.js",
      "file": "cypress/integration/TC01_FirstOnGoogleSearch.js",
      "beforeHooks": [],
      "afterHooks": [],
      "tests": [],
      "suites": [
        {
          "uuid": "a997f695-716a-4a8c-981c-94f0fa59ba5f",
          "title": "01_Test Case : Check Foncia is first on google Search",
          "fullFile": "",
          "file": "",
          "beforeHooks": [],
          "afterHooks": [],
          "tests": [
            {
              "title": "Search for Foncia",
              "fullTitle": "01_Test Case : Check Foncia is first on google Search Search for Foncia",
              "timedOut": null,
              "duration": 3959,
              "state": "passed",
              "speed": "fast",
              "pass": true,
              "fail": false,
              "pending": false,
              "context": null,
              "code": "//Action : search on google for Foncia\ncy.visit('https://www.google.com/search?q=Foncia'); //Get first element\ncy.get('#search a') //Make an assertion should be our site\n.invoke('attr', 'href').should('eq', 'https://fr.foncia.com/').then(href => console.log(href));",
              "err": {},
              "uuid": "3d859222-3cad-4093-bf5a-1f80c093fa38",
              "parentUUID": "a997f695-716a-4a8c-981c-94f0fa59ba5f",
              "isHook": false,
              "skipped": false
            }
          ],
          "suites": [],
          "passes": [
            "3d859222-3cad-4093-bf5a-1f80c093fa38"
          ],
          "failures": [],
          "pending": [],
          "skipped": [],
          "duration": 3959,
          "root": false,
          "rootEmpty": false,
          "_timeout": 2000
        }
      ],
      "passes": [],
      "failures": [],
      "pending": [],
      "skipped": [],
      "duration": 0,
      "root": true,
      "rootEmpty": true,
      "_timeout": 2000
    },
    {
      "uuid": "49be6193-3bb2-4ff1-adcf-2326d76a0ce2",
      "title": "",
      "fullFile": "cypress/integration/TC02_HomePageVerification.js",
      "file": "cypress/integration/TC02_HomePageVerification.js",
      "beforeHooks": [],
      "afterHooks": [],
      "tests": [],
      "suites": [
        {
          "uuid": "47989843-7c60-4136-948c-08b4233e3ad8",
          "title": "01_Homepage Verification",
          "fullFile": "",
          "file": "",
          "beforeHooks": [],
          "afterHooks": [],
          "tests": [
            {
              "title": "Load page",
              "fullTitle": "01_Homepage Verification Load page",
              "timedOut": null,
              "duration": 11837,
              "state": "passed",
              "speed": "slow",
              "pass": true,
              "fail": false,
              "pending": false,
              "context": null,
              "code": "//Example of error : Timed out after waiting 60000ms to load.\ncy.visit('https://fr.foncia.com//'); //Remove gestion des Cookies popup\ncy.get('body > app-root > app-cookie-banner > div.cookie-container-cta > div > app-foncia-button > button').click();",
              "err": {},
              "uuid": "88415bfa-0f13-4dc2-a4c0-8cb7ad3f5936",
              "parentUUID": "47989843-7c60-4136-948c-08b4233e3ad8",
              "isHook": false,
              "skipped": false
            },
            {
              "title": "Check Logo",
              "fullTitle": "01_Homepage Verification Check Logo",
              "timedOut": null,
              "duration": 183,
              "state": "passed",
              "speed": "fast",
              "pass": true,
              "fail": false,
              "pending": false,
              "context": null,
              "code": "//logo exist\ncy.get('body > app-root > app-header > header > div.header-logo > a > img').should('be.visible');",
              "err": {},
              "uuid": "77049eb1-c882-40bb-8457-8a77473c0508",
              "parentUUID": "47989843-7c60-4136-948c-08b4233e3ad8",
              "isHook": false,
              "skipped": false
            },
            {
              "title": "Check Menu button",
              "fullTitle": "01_Homepage Verification Check Menu button",
              "timedOut": null,
              "duration": 798,
              "state": "passed",
              "speed": "fast",
              "pass": true,
              "fail": false,
              "pending": false,
              "context": null,
              "code": "//Menu button exist\ncy.get('body > app-root > app-header > header > div.header-button.header-button-mobile > p-button > button > span.p-button-label.ng-star-inserted').should('be.visible'); //Once you click on Menu button\ncy.get('body > app-root > app-header > header > div.header-button.header-button-mobile > p-button > button > span.p-button-label.ng-star-inserted').click(); //Acheter option should be visible\ncy.get('body > app-root > app-header > header > div.header-content.p-d-flex.p-flex-column.p-flex-lg-row.p-jc-end.p-ai-center.visible > div.header-content-links.p-d-flex.p-flex-column.p-flex-lg-row.p-ai-center > div:nth-child(1) > a').should('be.visible'); //Louer Option should be visible\ncy.get('body > app-root > app-header > header > div.header-content.p-d-flex.p-flex-column.p-flex-lg-row.p-jc-end.p-ai-center.visible > div.header-content-links.p-d-flex.p-flex-column.p-flex-lg-row.p-ai-center > div:nth-child(2) > a').should('be.visible'); //Vendre Option should be visible\ncy.get('body > app-root > app-header > header > div.header-content.p-d-flex.p-flex-column.p-flex-lg-row.p-jc-end.p-ai-center.visible > div.header-content-links.p-d-flex.p-flex-column.p-flex-lg-row.p-ai-center > div:nth-child(3) > a').should('be.visible'); //Gestion Locative Option should be visible\ncy.get('body > app-root > app-header > header > div.header-content.p-d-flex.p-flex-column.p-flex-lg-row.p-jc-end.p-ai-center.visible > div.header-content-links.p-d-flex.p-flex-column.p-flex-lg-row.p-ai-center > div:nth-child(4) > a').should('be.visible'); //Syndic de copropriete Option should be visible\ncy.get('body > app-root > app-header > header > div.header-content.p-d-flex.p-flex-column.p-flex-lg-row.p-jc-end.p-ai-center.visible > div.header-content-links.p-d-flex.p-flex-column.p-flex-lg-row.p-ai-center > div:nth-child(5) > a').should('be.visible'); //Louer decovrir Foncia should be visible\ncy.get('body > app-root > app-header > header > div.header-content.p-d-flex.p-flex-column.p-flex-lg-row.p-jc-end.p-ai-center.visible > div.header-content-links.p-d-flex.p-flex-column.p-flex-lg-row.p-ai-center > div:nth-child(6) > a').should('be.visible'); //Louer Carrieres should be visible\ncy.get('body > app-root > app-header > header > div.header-content.p-d-flex.p-flex-column.p-flex-lg-row.p-jc-end.p-ai-center.visible > div.header-content-links.p-d-flex.p-flex-column.p-flex-lg-row.p-ai-center > div:nth-child(7) > a').should('be.visible'); //button my Foncia should be exist\ncy.get('body > app-root > app-header > header > div.header-content.p-d-flex.p-flex-column.p-flex-lg-row.p-jc-end.p-ai-center.visible > div.header-foncia.w-100 > div.header-content-foncia.p-d-flex.p-jc-center.p-ai-center > div > app-foncia-button > a').should('be.visible'); //Exit Menu option\ncy.get('body > app-root > app-header > header > div.header-button.header-button-mobile > p-button > button > span.p-button-label.ng-star-inserted').click();",
              "err": {},
              "uuid": "78a7ce73-fb4f-41d8-b8d1-a0e773d401fe",
              "parentUUID": "47989843-7c60-4136-948c-08b4233e3ad8",
              "isHook": false,
              "skipped": false
            },
            {
              "title": "FunctionalTest : check Image",
              "fullTitle": "01_Homepage Verification FunctionalTest : check Image",
              "timedOut": null,
              "duration": 45,
              "state": "passed",
              "speed": "fast",
              "pass": true,
              "fail": false,
              "pending": false,
              "context": null,
              "code": "//Image is visible\ncy.get('body > app-root > app-home > div > app-home-profiles > div > div.content-container > app-foncia-card > div.card-cards > div.card-cards-img > div:nth-child(1) > img').should('be.visible');",
              "err": {},
              "uuid": "fe9d460f-5d15-4534-a79f-8abe912b7289",
              "parentUUID": "47989843-7c60-4136-948c-08b4233e3ad8",
              "isHook": false,
              "skipped": false
            },
            {
              "title": "Check Menu button",
              "fullTitle": "01_Homepage Verification Check Menu button",
              "timedOut": null,
              "duration": 62,
              "state": "passed",
              "speed": "fast",
              "pass": true,
              "fail": false,
              "pending": false,
              "context": null,
              "code": "//Menu button exist\ncy.get('body > app-root > app-header > header > div.header-button.header-button-mobile > p-button > button > span.p-button-label.ng-star-inserted').should('be.visible');",
              "err": {},
              "uuid": "f27760d3-2a1e-4cdc-b53e-21f59fe4038c",
              "parentUUID": "47989843-7c60-4136-948c-08b4233e3ad8",
              "isHook": false,
              "skipped": false
            },
            {
              "title": "FunctionalTest : check Cluster Rechercher un bien ",
              "fullTitle": "01_Homepage Verification FunctionalTest : check Cluster Rechercher un bien ",
              "timedOut": null,
              "duration": 411,
              "state": "passed",
              "speed": "fast",
              "pass": true,
              "fail": false,
              "pending": false,
              "context": null,
              "code": "//Rechercher un bien must have \ncy.get('#search-bar > div > label:nth-child(2)').click();\ncy.get('#projectToggle').should('be.visible');\ncy.get('#propertyToggle').should('be.visible');\ncy.get('#price').should('be.visible');\ncy.get('#city').should('be.visible');",
              "err": {},
              "uuid": "997c6431-7d35-49de-982c-edac60c9e935",
              "parentUUID": "47989843-7c60-4136-948c-08b4233e3ad8",
              "isHook": false,
              "skipped": false
            }
          ],
          "suites": [],
          "passes": [
            "88415bfa-0f13-4dc2-a4c0-8cb7ad3f5936",
            "77049eb1-c882-40bb-8457-8a77473c0508",
            "78a7ce73-fb4f-41d8-b8d1-a0e773d401fe",
            "fe9d460f-5d15-4534-a79f-8abe912b7289",
            "f27760d3-2a1e-4cdc-b53e-21f59fe4038c",
            "997c6431-7d35-49de-982c-edac60c9e935"
          ],
          "failures": [],
          "pending": [],
          "skipped": [],
          "duration": 13336,
          "root": false,
          "rootEmpty": false,
          "_timeout": 2000
        }
      ],
      "passes": [],
      "failures": [],
      "pending": [],
      "skipped": [],
      "duration": 0,
      "root": true,
      "rootEmpty": true,
      "_timeout": 2000
    },
    {
      "uuid": "e75059a9-cddf-44c6-b497-25995d4cb00e",
      "title": "",
      "fullFile": "cypress/integration/TC03_SearchFunctionality.js",
      "file": "cypress/integration/TC03_SearchFunctionality.js",
      "beforeHooks": [],
      "afterHooks": [],
      "tests": [],
      "suites": [
        {
          "uuid": "1813e993-8a49-4971-99be-3f7fa4a57325",
          "title": "Enter Criterea ",
          "fullFile": "",
          "file": "",
          "beforeHooks": [],
          "afterHooks": [],
          "tests": [
            {
              "title": "visit fr.foncia.com",
              "fullTitle": "Enter Criterea  visit fr.foncia.com",
              "timedOut": null,
              "duration": 9324,
              "state": "passed",
              "speed": "medium",
              "pass": true,
              "fail": false,
              "pending": false,
              "context": null,
              "code": "cy.visit('https://fr.foncia.com//'); //Remove gestion des Cookies popup\ncy.get('body > app-root > app-cookie-banner > div.cookie-container-cta > div > app-foncia-button > button').click();",
              "err": {},
              "uuid": "89f90ea2-aa1a-47a6-abbe-e699c55555f1",
              "parentUUID": "1813e993-8a49-4971-99be-3f7fa4a57325",
              "isHook": false,
              "skipped": false
            },
            {
              "title": "Fill property ",
              "fullTitle": "Enter Criterea  Fill property ",
              "timedOut": null,
              "duration": 793,
              "state": "passed",
              "speed": "fast",
              "pass": true,
              "fail": false,
              "pending": false,
              "context": null,
              "code": "cy.get('#propertyToggle').click();\ncy.get('#search-bar > div > form:nth-child(3) > div > div:nth-child(2) > div.popup-form.dropdown-content.p-d-flex.p-jc-between.ng-star-inserted', {\n  timeout: 20\n}).should('be.visible').children().contains(criteria.Biens).click();",
              "err": {},
              "uuid": "ad1febf5-453c-4d6e-b09c-9dcffd2e0d29",
              "parentUUID": "1813e993-8a49-4971-99be-3f7fa4a57325",
              "isHook": false,
              "skipped": false
            },
            {
              "title": "Fill project",
              "fullTitle": "Enter Criterea  Fill project",
              "timedOut": null,
              "duration": 675,
              "state": "passed",
              "speed": "fast",
              "pass": true,
              "fail": false,
              "pending": false,
              "context": null,
              "code": "cy.get('#projectToggle > p').click();\ncy.get('#search-bar > div > form.research-bar-tab.search-bar-form.w-100.p-d-none.ng-invalid.ng-dirty.ng-touched > div > div:nth-child(1) > div.popup-form.dropdown-content.p-d-flex.p-flex-column.ng-star-inserted', {\n  timeout: 10000\n}).should('be.visible').children().contains(criteria.Projet).click();",
              "err": {},
              "uuid": "ab37db1d-dbba-4b65-8fc3-76ccf94af228",
              "parentUUID": "1813e993-8a49-4971-99be-3f7fa4a57325",
              "isHook": false,
              "skipped": false
            },
            {
              "title": "Fill Price ",
              "fullTitle": "Enter Criterea  Fill Price ",
              "timedOut": null,
              "duration": 510,
              "state": "passed",
              "speed": "fast",
              "pass": true,
              "fail": false,
              "pending": false,
              "context": null,
              "code": "//Wait until price area appear then put your price\ncy.get('#price', {\n  timeout: 20\n}).should('be.visible').type(criteria.Prix);",
              "err": {},
              "uuid": "fdb1eddb-a157-4245-825b-3d654cb40d1f",
              "parentUUID": "1813e993-8a49-4971-99be-3f7fa4a57325",
              "isHook": false,
              "skipped": false
            },
            {
              "title": "Fill Location ",
              "fullTitle": "Enter Criterea  Fill Location ",
              "timedOut": null,
              "duration": 1558,
              "state": "passed",
              "speed": "fast",
              "pass": true,
              "fail": false,
              "pending": false,
              "context": null,
              "code": "cy.get('#city').type('Paris');\ncy.get('#pr_id_1_list').contains(criteria.city).click();",
              "err": {},
              "uuid": "7014534f-182b-4a0e-a541-7afb74dc7577",
              "parentUUID": "1813e993-8a49-4971-99be-3f7fa4a57325",
              "isHook": false,
              "skipped": false
            },
            {
              "title": "Submit searching ",
              "fullTitle": "Enter Criterea  Submit searching ",
              "timedOut": null,
              "duration": 313,
              "state": "passed",
              "speed": "fast",
              "pass": true,
              "fail": false,
              "pending": false,
              "context": null,
              "code": "cy.get('#search-bar > div > form.research-bar-tab.search-bar-form.w-100.p-d-none.ng-dirty.ng-touched.ng-valid > div > div.button.p-col-12.p-md-4.p-xl-12.p-d-flex.p-ai-end > app-foncia-button > button').click();",
              "err": {},
              "uuid": "0b98b118-3dbc-4d1c-ac15-191ad2a3b4a9",
              "parentUUID": "1813e993-8a49-4971-99be-3f7fa4a57325",
              "isHook": false,
              "skipped": false
            }
          ],
          "suites": [],
          "passes": [
            "89f90ea2-aa1a-47a6-abbe-e699c55555f1",
            "ad1febf5-453c-4d6e-b09c-9dcffd2e0d29",
            "ab37db1d-dbba-4b65-8fc3-76ccf94af228",
            "fdb1eddb-a157-4245-825b-3d654cb40d1f",
            "7014534f-182b-4a0e-a541-7afb74dc7577",
            "0b98b118-3dbc-4d1c-ac15-191ad2a3b4a9"
          ],
          "failures": [],
          "pending": [],
          "skipped": [],
          "duration": 13173,
          "root": false,
          "rootEmpty": false,
          "_timeout": 2000
        },
        {
          "uuid": "d23fb5d2-d5a0-460b-8d09-64bb756b9ab6",
          "title": "Check that filled criteria are correctly parsed",
          "fullFile": "",
          "file": "",
          "beforeHooks": [],
          "afterHooks": [],
          "tests": [
            {
              "title": "Check location ",
              "fullTitle": "Check that filled criteria are correctly parsed Check location ",
              "timedOut": null,
              "duration": 3766,
              "state": "passed",
              "speed": "fast",
              "pass": true,
              "fail": false,
              "pending": false,
              "context": null,
              "code": "cy.get('body > app-root > app-search-results > div.p-d-flex.p-flex-wrap.p-flex-row.search-results-container.ng-star-inserted > div.p-col-12.search-results-header-sticky > app-search-result-header > div.p-flex-wrap.search-results-header.p-d-sm-none.p-d-md-flex.search-form.ng-untouched.ng-pristine.ng-valid.ng-star-inserted > div.p-as-start.p-d-flex.p-flex-nowrap.search-results-header-location > div > span.p-d-flex.p-flex-row.ng-star-inserted > span.flex-1.search-results-header-label', {\n  timeout: 10000\n}).should($el => expect($el.text().trim()).to.equal(criteria.city));",
              "err": {},
              "uuid": "2e5b79dc-308d-4d01-bda3-df187cc2b3f7",
              "parentUUID": "d23fb5d2-d5a0-460b-8d09-64bb756b9ab6",
              "isHook": false,
              "skipped": false
            },
            {
              "title": "Check Property ",
              "fullTitle": "Check that filled criteria are correctly parsed Check Property ",
              "timedOut": null,
              "duration": 607,
              "state": "passed",
              "speed": "fast",
              "pass": true,
              "fail": false,
              "pending": false,
              "context": null,
              "code": "cy.get('body > app-root > app-search-results > div.p-d-flex.p-flex-wrap.p-flex-row.search-results-container.ng-star-inserted > div.p-col-12.search-results-header-sticky > app-search-result-header > div.p-flex-wrap.search-results-header.p-d-sm-none.p-d-md-flex.search-form.ng-untouched.ng-pristine.ng-valid.ng-star-inserted > div.p-as-center.search-results-header-surface.search-results-header-border > span.p-d-flex.p-flex-row > span.flex-1.search-results-header-label').should($el => expect($el.text().trim()).to.equal(criteria.Biens));",
              "err": {},
              "uuid": "d90b6826-402d-4e0a-8400-90a42b70c391",
              "parentUUID": "d23fb5d2-d5a0-460b-8d09-64bb756b9ab6",
              "isHook": false,
              "skipped": false
            },
            {
              "title": "Check result ",
              "fullTitle": "Check that filled criteria are correctly parsed Check result ",
              "timedOut": null,
              "duration": 95,
              "state": "passed",
              "speed": "fast",
              "pass": true,
              "fail": false,
              "pending": false,
              "context": null,
              "code": "cy.get('body > app-root > app-search-results > div.p-d-flex.p-flex-wrap.p-flex-row.search-results-container.ng-star-inserted > div.p-col-12.search-results-header-sticky > app-search-result-header > div.p-flex-wrap.search-results-header.p-d-sm-none.p-d-md-flex.search-form.ng-untouched.ng-pristine.ng-valid.ng-star-inserted > div.search-results-header-total.search-results-header-border > span.search-results-header-value.big').invoke('text').then(parseFloat).should('be.gt', 0);",
              "err": {},
              "uuid": "400e886b-970e-45f3-a34f-0213b6baf7a5",
              "parentUUID": "d23fb5d2-d5a0-460b-8d09-64bb756b9ab6",
              "isHook": false,
              "skipped": false
            }
          ],
          "suites": [],
          "passes": [
            "2e5b79dc-308d-4d01-bda3-df187cc2b3f7",
            "d90b6826-402d-4e0a-8400-90a42b70c391",
            "400e886b-970e-45f3-a34f-0213b6baf7a5"
          ],
          "failures": [],
          "pending": [],
          "skipped": [],
          "duration": 4468,
          "root": false,
          "rootEmpty": false,
          "_timeout": 2000
        },
        {
          "uuid": "991458b6-4232-4902-93d7-763ae3609732",
          "title": "Search page Verification",
          "fullFile": "",
          "file": "",
          "beforeHooks": [],
          "afterHooks": [],
          "tests": [
            {
              "title": "Check Sauvegarder button exist ",
              "fullTitle": "Search page Verification Check Sauvegarder button exist ",
              "timedOut": null,
              "duration": 4912,
              "state": "failed",
              "speed": null,
              "pass": false,
              "fail": true,
              "pending": false,
              "context": null,
              "code": "cy.get('body > app-root > app-search-results > div.p-d-flex.p-flex-wrap.p-flex-row.search-results-container.ng-star-inserted > div.p-col-12.search-results-header-sticky > app-search-result-header > div.search-results-subheader.p-flex-wrap.p-d-sm-flex.p-d-lg-none > div.p-col-6.p-md-4.p-d-sm-none.p-d-md-block > p-button > button > span.p-button-label.ng-star-inserted').should('be.visible');",
              "err": {
                "message": "AssertionError: Timed out retrying after 4000ms: expected '<span.p-button-label.ng-star-inserted>' to be 'visible'\n\nThis element `<span.p-button-label.ng-star-inserted>` is not visible because its parent `<button.w-100.p-button-secondary.p-button-outlined.p-jc-center.p-button.p-component.p-ripple>` has CSS property: `visibility: hidden`",
                "estack": "AssertionError: Timed out retrying after 4000ms: expected '<span.p-button-label.ng-star-inserted>' to be 'visible'\n\nThis element `<span.p-button-label.ng-star-inserted>` is not visible because its parent `<button.w-100.p-button-secondary.p-button-outlined.p-jc-center.p-button.p-component.p-ripple>` has CSS property: `visibility: hidden`\n    at Context.eval (https://fr.foncia.com/__cypress/tests?p=cypress\\integration\\TC03_SearchFunctionality.js:158:375)",
                "diff": null
              },
              "uuid": "ebd0985f-df74-4776-bbb3-afc6ba73cece",
              "parentUUID": "991458b6-4232-4902-93d7-763ae3609732",
              "isHook": false,
              "skipped": false
            },
            {
              "title": "Check Filter button exist ",
              "fullTitle": "Search page Verification Check Filter button exist ",
              "timedOut": null,
              "duration": 4697,
              "state": "failed",
              "speed": null,
              "pass": false,
              "fail": true,
              "pending": false,
              "context": null,
              "code": "cy.get('body > app-root > app-search-results > div.p-d-flex.p-flex-wrap.p-flex-row.search-results-container.ng-star-inserted > div.p-col-12.search-results-header-sticky > app-search-result-header > div.search-results-subheader.p-flex-wrap.p-d-sm-flex.p-d-lg-none > div.p-col-6.p-md-4.search-sort > app-search-sort > div > app-foncia-button > button').should('be.visible');",
              "err": {
                "message": "AssertionError: Timed out retrying after 4000ms: expected '<button.p-button.p-button-secondary.ng-star-inserted>' to be 'visible'\n\nThis element `<button.p-button.p-button-secondary.ng-star-inserted>` is not visible because its parent `<app-foncia-button.w-100>` has CSS property: `visibility: hidden`",
                "estack": "AssertionError: Timed out retrying after 4000ms: expected '<button.p-button.p-button-secondary.ng-star-inserted>' to be 'visible'\n\nThis element `<button.p-button.p-button-secondary.ng-star-inserted>` is not visible because its parent `<app-foncia-button.w-100>` has CSS property: `visibility: hidden`\n    at Context.eval (https://fr.foncia.com/__cypress/tests?p=cypress\\integration\\TC03_SearchFunctionality.js:161:356)",
                "diff": null
              },
              "uuid": "b747bf0e-b400-4516-a8b2-a65c3f700ba8",
              "parentUUID": "991458b6-4232-4902-93d7-763ae3609732",
              "isHook": false,
              "skipped": false
            },
            {
              "title": "Check Modifier les criteres button exist ",
              "fullTitle": "Search page Verification Check Modifier les criteres button exist ",
              "timedOut": null,
              "duration": 4681,
              "state": "failed",
              "speed": null,
              "pass": false,
              "fail": true,
              "pending": false,
              "context": null,
              "code": "cy.get('body > app-root > app-search-results > div.p-d-flex.p-flex-wrap.p-flex-row.search-results-container.ng-star-inserted > div.p-col-12.search-results-header-sticky > app-search-result-header > div.search-results-subheader.p-flex-wrap.p-d-sm-flex.p-d-lg-none > div:nth-child(4) > p-button > button > span').should('be.visible');",
              "err": {
                "message": "AssertionError: Timed out retrying after 4000ms: expected '<span.p-button-label.ng-star-inserted>' to be 'visible'\n\nThis element `<span.p-button-label.ng-star-inserted>` is not visible because its parent `<button.w-100.p-button-secondary.p-button.p-component.p-ripple>` has CSS property: `visibility: hidden`",
                "estack": "AssertionError: Timed out retrying after 4000ms: expected '<span.p-button-label.ng-star-inserted>' to be 'visible'\n\nThis element `<span.p-button-label.ng-star-inserted>` is not visible because its parent `<button.w-100.p-button-secondary.p-button.p-component.p-ripple>` has CSS property: `visibility: hidden`\n    at Context.eval (https://fr.foncia.com/__cypress/tests?p=cypress\\integration\\TC03_SearchFunctionality.js:164:316)",
                "diff": null
              },
              "uuid": "50153ed8-18ef-4853-97f9-b079f8f24a13",
              "parentUUID": "991458b6-4232-4902-93d7-763ae3609732",
              "isHook": false,
              "skipped": false
            }
          ],
          "suites": [],
          "passes": [],
          "failures": [
            "ebd0985f-df74-4776-bbb3-afc6ba73cece",
            "b747bf0e-b400-4516-a8b2-a65c3f700ba8",
            "50153ed8-18ef-4853-97f9-b079f8f24a13"
          ],
          "pending": [],
          "skipped": [],
          "duration": 14290,
          "root": false,
          "rootEmpty": false,
          "_timeout": 2000
        }
      ],
      "passes": [],
      "failures": [],
      "pending": [],
      "skipped": [],
      "duration": 0,
      "root": true,
      "rootEmpty": true,
      "_timeout": 2000
    },
    {
      "uuid": "0f5c7c1f-77b4-4664-8855-ce69f37f9cb3",
      "title": "",
      "fullFile": "cypress/integration/TC01_FirstOnGoogleSearch.js",
      "file": "cypress/integration/TC01_FirstOnGoogleSearch.js",
      "beforeHooks": [],
      "afterHooks": [],
      "tests": [],
      "suites": [
        {
          "uuid": "1a42ded7-b107-486a-843b-26f8fa92f268",
          "title": "01_Test Case : Check Foncia is first on google Search",
          "fullFile": "",
          "file": "",
          "beforeHooks": [],
          "afterHooks": [],
          "tests": [
            {
              "title": "Search for Foncia",
              "fullTitle": "01_Test Case : Check Foncia is first on google Search Search for Foncia",
              "timedOut": null,
              "duration": 3182,
              "state": "passed",
              "speed": "fast",
              "pass": true,
              "fail": false,
              "pending": false,
              "context": null,
              "code": "//Action : search on google for Foncia\ncy.visit('https://www.google.com/search?q=Foncia'); //Get first element\ncy.get('#search a') //Make an assertion should be our site\n.invoke('attr', 'href').should('eq', 'https://fr.foncia.com/').then(href => console.log(href));",
              "err": {},
              "uuid": "efc8343e-fee7-40dd-8db2-a8e1bad3cdaa",
              "parentUUID": "1a42ded7-b107-486a-843b-26f8fa92f268",
              "isHook": false,
              "skipped": false
            }
          ],
          "suites": [],
          "passes": [
            "efc8343e-fee7-40dd-8db2-a8e1bad3cdaa"
          ],
          "failures": [],
          "pending": [],
          "skipped": [],
          "duration": 3182,
          "root": false,
          "rootEmpty": false,
          "_timeout": 2000
        }
      ],
      "passes": [],
      "failures": [],
      "pending": [],
      "skipped": [],
      "duration": 0,
      "root": true,
      "rootEmpty": true,
      "_timeout": 2000
    }
  ],
  "meta": {
    "mocha": {
      "version": "7.0.1"
    },
    "mochawesome": {
      "options": {
        "quiet": false,
        "reportFilename": "mochawesome",
        "saveHtml": false,
        "saveJson": true,
        "consoleReporter": "spec",
        "useInlineDiffs": false,
        "code": true
      },
      "version": "7.0.1"
    },
    "marge": {
      "options": {
        "charts": true,
        "overwrite": false,
        "html": false,
        "json": true,
        "reportDir": "cypress/report/mochawesome-report"
      },
      "version": "6.0.1"
    }
  }
}