{
  "stats": {
    "suites": 1,
    "tests": 1,
    "passes": 1,
    "pending": 0,
    "failures": 0,
    "start": "2021-11-29T08:59:03.318Z",
    "end": "2021-11-29T08:59:10.227Z",
    "duration": 6909,
    "testsRegistered": 1,
    "passPercent": 100,
    "pendingPercent": 0,
    "other": 0,
    "hasOther": false,
    "skipped": 0,
    "hasSkipped": false
  },
  "results": [
    {
      "uuid": "0f5c7c1f-77b4-4664-8855-ce69f37f9cb3",
      "title": "",
      "fullFile": "cypress/integration/TC01_FirstOnGoogleSearch.js",
      "file": "cypress/integration/TC01_FirstOnGoogleSearch.js",
      "beforeHooks": [],
      "afterHooks": [],
      "tests": [],
      "suites": [
        {
          "uuid": "1a42ded7-b107-486a-843b-26f8fa92f268",
          "title": "01_Test Case : Check Foncia is first on google Search",
          "fullFile": "",
          "file": "",
          "beforeHooks": [],
          "afterHooks": [],
          "tests": [
            {
              "title": "Search for Foncia",
              "fullTitle": "01_Test Case : Check Foncia is first on google Search Search for Foncia",
              "timedOut": null,
              "duration": 3182,
              "state": "passed",
              "speed": "fast",
              "pass": true,
              "fail": false,
              "pending": false,
              "context": null,
              "code": "//Action : search on google for Foncia\ncy.visit('https://www.google.com/search?q=Foncia'); //Get first element\ncy.get('#search a') //Make an assertion should be our site\n.invoke('attr', 'href').should('eq', 'https://fr.foncia.com/').then(href => console.log(href));",
              "err": {},
              "uuid": "efc8343e-fee7-40dd-8db2-a8e1bad3cdaa",
              "parentUUID": "1a42ded7-b107-486a-843b-26f8fa92f268",
              "isHook": false,
              "skipped": false
            }
          ],
          "suites": [],
          "passes": [
            "efc8343e-fee7-40dd-8db2-a8e1bad3cdaa"
          ],
          "failures": [],
          "pending": [],
          "skipped": [],
          "duration": 3182,
          "root": false,
          "rootEmpty": false,
          "_timeout": 2000
        }
      ],
      "passes": [],
      "failures": [],
      "pending": [],
      "skipped": [],
      "duration": 0,
      "root": true,
      "rootEmpty": true,
      "_timeout": 2000
    }
  ],
  "meta": {
    "mocha": {
      "version": "7.0.1"
    },
    "mochawesome": {
      "options": {
        "quiet": false,
        "reportFilename": "mochawesome",
        "saveHtml": false,
        "saveJson": true,
        "consoleReporter": "spec",
        "useInlineDiffs": false,
        "code": true
      },
      "version": "7.0.1"
    },
    "marge": {
      "options": {
        "charts": true,
        "overwrite": false,
        "html": false,
        "json": true,
        "reportDir": "cypress/report/mochawesome-report"
      },
      "version": "6.0.1"
    }
  }
}