{
  "stats": {
    "suites": 1,
    "tests": 6,
    "passes": 6,
    "pending": 0,
    "failures": 0,
    "start": "2021-11-29T08:59:17.450Z",
    "end": "2021-11-29T08:59:35.213Z",
    "duration": 17763,
    "testsRegistered": 6,
    "passPercent": 100,
    "pendingPercent": 0,
    "other": 0,
    "hasOther": false,
    "skipped": 0,
    "hasSkipped": false
  },
  "results": [
    {
      "uuid": "b2a4b788-475c-44b9-a7d0-fa78491ed3ec",
      "title": "",
      "fullFile": "cypress/integration/TC02_HomePageVerification.js",
      "file": "cypress/integration/TC02_HomePageVerification.js",
      "beforeHooks": [],
      "afterHooks": [],
      "tests": [],
      "suites": [
        {
          "uuid": "f577387a-fa31-4cfd-bdef-be3146c62f4f",
          "title": "01_Homepage Verification",
          "fullFile": "",
          "file": "",
          "beforeHooks": [],
          "afterHooks": [],
          "tests": [
            {
              "title": "Load page",
              "fullTitle": "01_Homepage Verification Load page",
              "timedOut": null,
              "duration": 13514,
              "state": "passed",
              "speed": "slow",
              "pass": true,
              "fail": false,
              "pending": false,
              "context": null,
              "code": "//Example of error : Timed out after waiting 60000ms to load.\ncy.visit('https://fr.foncia.com//'); //Remove gestion des Cookies popup\ncy.get('body > app-root > app-cookie-banner > div.cookie-container-cta > div > app-foncia-button > button').click();",
              "err": {},
              "uuid": "a4e89595-a544-46f5-963f-1fe054f692ea",
              "parentUUID": "f577387a-fa31-4cfd-bdef-be3146c62f4f",
              "isHook": false,
              "skipped": false
            },
            {
              "title": "Check Logo",
              "fullTitle": "01_Homepage Verification Check Logo",
              "timedOut": null,
              "duration": 232,
              "state": "passed",
              "speed": "fast",
              "pass": true,
              "fail": false,
              "pending": false,
              "context": null,
              "code": "//logo exist\ncy.get('body > app-root > app-header > header > div.header-logo > a > img').should('be.visible');",
              "err": {},
              "uuid": "b08d11dc-36ac-4be3-8158-fa43d04391bf",
              "parentUUID": "f577387a-fa31-4cfd-bdef-be3146c62f4f",
              "isHook": false,
              "skipped": false
            },
            {
              "title": "Check Menu button",
              "fullTitle": "01_Homepage Verification Check Menu button",
              "timedOut": null,
              "duration": 759,
              "state": "passed",
              "speed": "fast",
              "pass": true,
              "fail": false,
              "pending": false,
              "context": null,
              "code": "//Menu button exist\ncy.get('body > app-root > app-header > header > div.header-button.header-button-mobile > p-button > button > span.p-button-label.ng-star-inserted').should('be.visible'); //Once you click on Menu button\ncy.get('body > app-root > app-header > header > div.header-button.header-button-mobile > p-button > button > span.p-button-label.ng-star-inserted').click(); //Acheter option should be visible\ncy.get('body > app-root > app-header > header > div.header-content.p-d-flex.p-flex-column.p-flex-lg-row.p-jc-end.p-ai-center.visible > div.header-content-links.p-d-flex.p-flex-column.p-flex-lg-row.p-ai-center > div:nth-child(1) > a').should('be.visible'); //Louer Option should be visible\ncy.get('body > app-root > app-header > header > div.header-content.p-d-flex.p-flex-column.p-flex-lg-row.p-jc-end.p-ai-center.visible > div.header-content-links.p-d-flex.p-flex-column.p-flex-lg-row.p-ai-center > div:nth-child(2) > a').should('be.visible'); //Vendre Option should be visible\ncy.get('body > app-root > app-header > header > div.header-content.p-d-flex.p-flex-column.p-flex-lg-row.p-jc-end.p-ai-center.visible > div.header-content-links.p-d-flex.p-flex-column.p-flex-lg-row.p-ai-center > div:nth-child(3) > a').should('be.visible'); //Gestion Locative Option should be visible\ncy.get('body > app-root > app-header > header > div.header-content.p-d-flex.p-flex-column.p-flex-lg-row.p-jc-end.p-ai-center.visible > div.header-content-links.p-d-flex.p-flex-column.p-flex-lg-row.p-ai-center > div:nth-child(4) > a').should('be.visible'); //Syndic de copropriete Option should be visible\ncy.get('body > app-root > app-header > header > div.header-content.p-d-flex.p-flex-column.p-flex-lg-row.p-jc-end.p-ai-center.visible > div.header-content-links.p-d-flex.p-flex-column.p-flex-lg-row.p-ai-center > div:nth-child(5) > a').should('be.visible'); //Louer decovrir Foncia should be visible\ncy.get('body > app-root > app-header > header > div.header-content.p-d-flex.p-flex-column.p-flex-lg-row.p-jc-end.p-ai-center.visible > div.header-content-links.p-d-flex.p-flex-column.p-flex-lg-row.p-ai-center > div:nth-child(6) > a').should('be.visible'); //Louer Carrieres should be visible\ncy.get('body > app-root > app-header > header > div.header-content.p-d-flex.p-flex-column.p-flex-lg-row.p-jc-end.p-ai-center.visible > div.header-content-links.p-d-flex.p-flex-column.p-flex-lg-row.p-ai-center > div:nth-child(7) > a').should('be.visible'); //button my Foncia should be exist\ncy.get('body > app-root > app-header > header > div.header-content.p-d-flex.p-flex-column.p-flex-lg-row.p-jc-end.p-ai-center.visible > div.header-foncia.w-100 > div.header-content-foncia.p-d-flex.p-jc-center.p-ai-center > div > app-foncia-button > a').should('be.visible'); //Exit Menu option\ncy.get('body > app-root > app-header > header > div.header-button.header-button-mobile > p-button > button > span.p-button-label.ng-star-inserted').click();",
              "err": {},
              "uuid": "a9507ae3-244b-4d6d-b247-a98f12eb1173",
              "parentUUID": "f577387a-fa31-4cfd-bdef-be3146c62f4f",
              "isHook": false,
              "skipped": false
            },
            {
              "title": "FunctionalTest : check Image",
              "fullTitle": "01_Homepage Verification FunctionalTest : check Image",
              "timedOut": null,
              "duration": 53,
              "state": "passed",
              "speed": "fast",
              "pass": true,
              "fail": false,
              "pending": false,
              "context": null,
              "code": "//Image is visible\ncy.get('body > app-root > app-home > div > app-home-profiles > div > div.content-container > app-foncia-card > div.card-cards > div.card-cards-img > div:nth-child(1) > img').should('be.visible');",
              "err": {},
              "uuid": "ebbdd72f-b6dd-4a1c-9121-eb7bf492da7d",
              "parentUUID": "f577387a-fa31-4cfd-bdef-be3146c62f4f",
              "isHook": false,
              "skipped": false
            },
            {
              "title": "Check Menu button",
              "fullTitle": "01_Homepage Verification Check Menu button",
              "timedOut": null,
              "duration": 53,
              "state": "passed",
              "speed": "fast",
              "pass": true,
              "fail": false,
              "pending": false,
              "context": null,
              "code": "//Menu button exist\ncy.get('body > app-root > app-header > header > div.header-button.header-button-mobile > p-button > button > span.p-button-label.ng-star-inserted').should('be.visible');",
              "err": {},
              "uuid": "cb2d9c77-42fe-4d30-bc94-8f591e4bcb6a",
              "parentUUID": "f577387a-fa31-4cfd-bdef-be3146c62f4f",
              "isHook": false,
              "skipped": false
            },
            {
              "title": "FunctionalTest : check Cluster Rechercher un bien ",
              "fullTitle": "01_Homepage Verification FunctionalTest : check Cluster Rechercher un bien ",
              "timedOut": null,
              "duration": 400,
              "state": "passed",
              "speed": "fast",
              "pass": true,
              "fail": false,
              "pending": false,
              "context": null,
              "code": "//Rechercher un bien must have \ncy.get('#search-bar > div > label:nth-child(2)').click();\ncy.get('#projectToggle').should('be.visible');\ncy.get('#propertyToggle').should('be.visible');\ncy.get('#price').should('be.visible');\ncy.get('#city').should('be.visible');",
              "err": {},
              "uuid": "7f66fb9c-6c2f-4f39-8cea-0220eb710e8d",
              "parentUUID": "f577387a-fa31-4cfd-bdef-be3146c62f4f",
              "isHook": false,
              "skipped": false
            }
          ],
          "suites": [],
          "passes": [
            "a4e89595-a544-46f5-963f-1fe054f692ea",
            "b08d11dc-36ac-4be3-8158-fa43d04391bf",
            "a9507ae3-244b-4d6d-b247-a98f12eb1173",
            "ebbdd72f-b6dd-4a1c-9121-eb7bf492da7d",
            "cb2d9c77-42fe-4d30-bc94-8f591e4bcb6a",
            "7f66fb9c-6c2f-4f39-8cea-0220eb710e8d"
          ],
          "failures": [],
          "pending": [],
          "skipped": [],
          "duration": 15011,
          "root": false,
          "rootEmpty": false,
          "_timeout": 2000
        }
      ],
      "passes": [],
      "failures": [],
      "pending": [],
      "skipped": [],
      "duration": 0,
      "root": true,
      "rootEmpty": true,
      "_timeout": 2000
    }
  ],
  "meta": {
    "mocha": {
      "version": "7.0.1"
    },
    "mochawesome": {
      "options": {
        "quiet": false,
        "reportFilename": "mochawesome",
        "saveHtml": false,
        "saveJson": true,
        "consoleReporter": "spec",
        "useInlineDiffs": false,
        "code": true
      },
      "version": "7.0.1"
    },
    "marge": {
      "options": {
        "charts": true,
        "overwrite": false,
        "html": false,
        "json": true,
        "reportDir": "cypress/report/mochawesome-report"
      },
      "version": "6.0.1"
    }
  }
}