{
  "stats": {
    "suites": 3,
    "tests": 12,
    "passes": 9,
    "pending": 0,
    "failures": 3,
    "start": "2021-11-29T09:55:21.457Z",
    "end": "2021-11-29T09:55:56.586Z",
    "duration": 35129,
    "testsRegistered": 12,
    "passPercent": 75,
    "pendingPercent": 0,
    "other": 0,
    "hasOther": false,
    "skipped": 0,
    "hasSkipped": false
  },
  "results": [
    {
      "uuid": "e75059a9-cddf-44c6-b497-25995d4cb00e",
      "title": "",
      "fullFile": "cypress/integration/TC03_SearchFunctionality.js",
      "file": "cypress/integration/TC03_SearchFunctionality.js",
      "beforeHooks": [],
      "afterHooks": [],
      "tests": [],
      "suites": [
        {
          "uuid": "1813e993-8a49-4971-99be-3f7fa4a57325",
          "title": "Enter Criterea ",
          "fullFile": "",
          "file": "",
          "beforeHooks": [],
          "afterHooks": [],
          "tests": [
            {
              "title": "visit fr.foncia.com",
              "fullTitle": "Enter Criterea  visit fr.foncia.com",
              "timedOut": null,
              "duration": 9324,
              "state": "passed",
              "speed": "medium",
              "pass": true,
              "fail": false,
              "pending": false,
              "context": null,
              "code": "cy.visit('https://fr.foncia.com//'); //Remove gestion des Cookies popup\ncy.get('body > app-root > app-cookie-banner > div.cookie-container-cta > div > app-foncia-button > button').click();",
              "err": {},
              "uuid": "89f90ea2-aa1a-47a6-abbe-e699c55555f1",
              "parentUUID": "1813e993-8a49-4971-99be-3f7fa4a57325",
              "isHook": false,
              "skipped": false
            },
            {
              "title": "Fill property ",
              "fullTitle": "Enter Criterea  Fill property ",
              "timedOut": null,
              "duration": 793,
              "state": "passed",
              "speed": "fast",
              "pass": true,
              "fail": false,
              "pending": false,
              "context": null,
              "code": "cy.get('#propertyToggle').click();\ncy.get('#search-bar > div > form:nth-child(3) > div > div:nth-child(2) > div.popup-form.dropdown-content.p-d-flex.p-jc-between.ng-star-inserted', {\n  timeout: 20\n}).should('be.visible').children().contains(criteria.Biens).click();",
              "err": {},
              "uuid": "ad1febf5-453c-4d6e-b09c-9dcffd2e0d29",
              "parentUUID": "1813e993-8a49-4971-99be-3f7fa4a57325",
              "isHook": false,
              "skipped": false
            },
            {
              "title": "Fill project",
              "fullTitle": "Enter Criterea  Fill project",
              "timedOut": null,
              "duration": 675,
              "state": "passed",
              "speed": "fast",
              "pass": true,
              "fail": false,
              "pending": false,
              "context": null,
              "code": "cy.get('#projectToggle > p').click();\ncy.get('#search-bar > div > form.research-bar-tab.search-bar-form.w-100.p-d-none.ng-invalid.ng-dirty.ng-touched > div > div:nth-child(1) > div.popup-form.dropdown-content.p-d-flex.p-flex-column.ng-star-inserted', {\n  timeout: 10000\n}).should('be.visible').children().contains(criteria.Projet).click();",
              "err": {},
              "uuid": "ab37db1d-dbba-4b65-8fc3-76ccf94af228",
              "parentUUID": "1813e993-8a49-4971-99be-3f7fa4a57325",
              "isHook": false,
              "skipped": false
            },
            {
              "title": "Fill Price ",
              "fullTitle": "Enter Criterea  Fill Price ",
              "timedOut": null,
              "duration": 510,
              "state": "passed",
              "speed": "fast",
              "pass": true,
              "fail": false,
              "pending": false,
              "context": null,
              "code": "//Wait until price area appear then put your price\ncy.get('#price', {\n  timeout: 20\n}).should('be.visible').type(criteria.Prix);",
              "err": {},
              "uuid": "fdb1eddb-a157-4245-825b-3d654cb40d1f",
              "parentUUID": "1813e993-8a49-4971-99be-3f7fa4a57325",
              "isHook": false,
              "skipped": false
            },
            {
              "title": "Fill Location ",
              "fullTitle": "Enter Criterea  Fill Location ",
              "timedOut": null,
              "duration": 1558,
              "state": "passed",
              "speed": "fast",
              "pass": true,
              "fail": false,
              "pending": false,
              "context": null,
              "code": "cy.get('#city').type('Paris');\ncy.get('#pr_id_1_list').contains(criteria.city).click();",
              "err": {},
              "uuid": "7014534f-182b-4a0e-a541-7afb74dc7577",
              "parentUUID": "1813e993-8a49-4971-99be-3f7fa4a57325",
              "isHook": false,
              "skipped": false
            },
            {
              "title": "Submit searching ",
              "fullTitle": "Enter Criterea  Submit searching ",
              "timedOut": null,
              "duration": 313,
              "state": "passed",
              "speed": "fast",
              "pass": true,
              "fail": false,
              "pending": false,
              "context": null,
              "code": "cy.get('#search-bar > div > form.research-bar-tab.search-bar-form.w-100.p-d-none.ng-dirty.ng-touched.ng-valid > div > div.button.p-col-12.p-md-4.p-xl-12.p-d-flex.p-ai-end > app-foncia-button > button').click();",
              "err": {},
              "uuid": "0b98b118-3dbc-4d1c-ac15-191ad2a3b4a9",
              "parentUUID": "1813e993-8a49-4971-99be-3f7fa4a57325",
              "isHook": false,
              "skipped": false
            }
          ],
          "suites": [],
          "passes": [
            "89f90ea2-aa1a-47a6-abbe-e699c55555f1",
            "ad1febf5-453c-4d6e-b09c-9dcffd2e0d29",
            "ab37db1d-dbba-4b65-8fc3-76ccf94af228",
            "fdb1eddb-a157-4245-825b-3d654cb40d1f",
            "7014534f-182b-4a0e-a541-7afb74dc7577",
            "0b98b118-3dbc-4d1c-ac15-191ad2a3b4a9"
          ],
          "failures": [],
          "pending": [],
          "skipped": [],
          "duration": 13173,
          "root": false,
          "rootEmpty": false,
          "_timeout": 2000
        },
        {
          "uuid": "d23fb5d2-d5a0-460b-8d09-64bb756b9ab6",
          "title": "Check that filled criteria are correctly parsed",
          "fullFile": "",
          "file": "",
          "beforeHooks": [],
          "afterHooks": [],
          "tests": [
            {
              "title": "Check location ",
              "fullTitle": "Check that filled criteria are correctly parsed Check location ",
              "timedOut": null,
              "duration": 3766,
              "state": "passed",
              "speed": "fast",
              "pass": true,
              "fail": false,
              "pending": false,
              "context": null,
              "code": "cy.get('body > app-root > app-search-results > div.p-d-flex.p-flex-wrap.p-flex-row.search-results-container.ng-star-inserted > div.p-col-12.search-results-header-sticky > app-search-result-header > div.p-flex-wrap.search-results-header.p-d-sm-none.p-d-md-flex.search-form.ng-untouched.ng-pristine.ng-valid.ng-star-inserted > div.p-as-start.p-d-flex.p-flex-nowrap.search-results-header-location > div > span.p-d-flex.p-flex-row.ng-star-inserted > span.flex-1.search-results-header-label', {\n  timeout: 10000\n}).should($el => expect($el.text().trim()).to.equal(criteria.city));",
              "err": {},
              "uuid": "2e5b79dc-308d-4d01-bda3-df187cc2b3f7",
              "parentUUID": "d23fb5d2-d5a0-460b-8d09-64bb756b9ab6",
              "isHook": false,
              "skipped": false
            },
            {
              "title": "Check Property ",
              "fullTitle": "Check that filled criteria are correctly parsed Check Property ",
              "timedOut": null,
              "duration": 607,
              "state": "passed",
              "speed": "fast",
              "pass": true,
              "fail": false,
              "pending": false,
              "context": null,
              "code": "cy.get('body > app-root > app-search-results > div.p-d-flex.p-flex-wrap.p-flex-row.search-results-container.ng-star-inserted > div.p-col-12.search-results-header-sticky > app-search-result-header > div.p-flex-wrap.search-results-header.p-d-sm-none.p-d-md-flex.search-form.ng-untouched.ng-pristine.ng-valid.ng-star-inserted > div.p-as-center.search-results-header-surface.search-results-header-border > span.p-d-flex.p-flex-row > span.flex-1.search-results-header-label').should($el => expect($el.text().trim()).to.equal(criteria.Biens));",
              "err": {},
              "uuid": "d90b6826-402d-4e0a-8400-90a42b70c391",
              "parentUUID": "d23fb5d2-d5a0-460b-8d09-64bb756b9ab6",
              "isHook": false,
              "skipped": false
            },
            {
              "title": "Check result ",
              "fullTitle": "Check that filled criteria are correctly parsed Check result ",
              "timedOut": null,
              "duration": 95,
              "state": "passed",
              "speed": "fast",
              "pass": true,
              "fail": false,
              "pending": false,
              "context": null,
              "code": "cy.get('body > app-root > app-search-results > div.p-d-flex.p-flex-wrap.p-flex-row.search-results-container.ng-star-inserted > div.p-col-12.search-results-header-sticky > app-search-result-header > div.p-flex-wrap.search-results-header.p-d-sm-none.p-d-md-flex.search-form.ng-untouched.ng-pristine.ng-valid.ng-star-inserted > div.search-results-header-total.search-results-header-border > span.search-results-header-value.big').invoke('text').then(parseFloat).should('be.gt', 0);",
              "err": {},
              "uuid": "400e886b-970e-45f3-a34f-0213b6baf7a5",
              "parentUUID": "d23fb5d2-d5a0-460b-8d09-64bb756b9ab6",
              "isHook": false,
              "skipped": false
            }
          ],
          "suites": [],
          "passes": [
            "2e5b79dc-308d-4d01-bda3-df187cc2b3f7",
            "d90b6826-402d-4e0a-8400-90a42b70c391",
            "400e886b-970e-45f3-a34f-0213b6baf7a5"
          ],
          "failures": [],
          "pending": [],
          "skipped": [],
          "duration": 4468,
          "root": false,
          "rootEmpty": false,
          "_timeout": 2000
        },
        {
          "uuid": "991458b6-4232-4902-93d7-763ae3609732",
          "title": "Search page Verification",
          "fullFile": "",
          "file": "",
          "beforeHooks": [],
          "afterHooks": [],
          "tests": [
            {
              "title": "Check Sauvegarder button exist ",
              "fullTitle": "Search page Verification Check Sauvegarder button exist ",
              "timedOut": null,
              "duration": 4912,
              "state": "failed",
              "speed": null,
              "pass": false,
              "fail": true,
              "pending": false,
              "context": null,
              "code": "cy.get('body > app-root > app-search-results > div.p-d-flex.p-flex-wrap.p-flex-row.search-results-container.ng-star-inserted > div.p-col-12.search-results-header-sticky > app-search-result-header > div.search-results-subheader.p-flex-wrap.p-d-sm-flex.p-d-lg-none > div.p-col-6.p-md-4.p-d-sm-none.p-d-md-block > p-button > button > span.p-button-label.ng-star-inserted').should('be.visible');",
              "err": {
                "message": "AssertionError: Timed out retrying after 4000ms: expected '<span.p-button-label.ng-star-inserted>' to be 'visible'\n\nThis element `<span.p-button-label.ng-star-inserted>` is not visible because its parent `<button.w-100.p-button-secondary.p-button-outlined.p-jc-center.p-button.p-component.p-ripple>` has CSS property: `visibility: hidden`",
                "estack": "AssertionError: Timed out retrying after 4000ms: expected '<span.p-button-label.ng-star-inserted>' to be 'visible'\n\nThis element `<span.p-button-label.ng-star-inserted>` is not visible because its parent `<button.w-100.p-button-secondary.p-button-outlined.p-jc-center.p-button.p-component.p-ripple>` has CSS property: `visibility: hidden`\n    at Context.eval (https://fr.foncia.com/__cypress/tests?p=cypress\\integration\\TC03_SearchFunctionality.js:158:375)",
                "diff": null
              },
              "uuid": "ebd0985f-df74-4776-bbb3-afc6ba73cece",
              "parentUUID": "991458b6-4232-4902-93d7-763ae3609732",
              "isHook": false,
              "skipped": false
            },
            {
              "title": "Check Filter button exist ",
              "fullTitle": "Search page Verification Check Filter button exist ",
              "timedOut": null,
              "duration": 4697,
              "state": "failed",
              "speed": null,
              "pass": false,
              "fail": true,
              "pending": false,
              "context": null,
              "code": "cy.get('body > app-root > app-search-results > div.p-d-flex.p-flex-wrap.p-flex-row.search-results-container.ng-star-inserted > div.p-col-12.search-results-header-sticky > app-search-result-header > div.search-results-subheader.p-flex-wrap.p-d-sm-flex.p-d-lg-none > div.p-col-6.p-md-4.search-sort > app-search-sort > div > app-foncia-button > button').should('be.visible');",
              "err": {
                "message": "AssertionError: Timed out retrying after 4000ms: expected '<button.p-button.p-button-secondary.ng-star-inserted>' to be 'visible'\n\nThis element `<button.p-button.p-button-secondary.ng-star-inserted>` is not visible because its parent `<app-foncia-button.w-100>` has CSS property: `visibility: hidden`",
                "estack": "AssertionError: Timed out retrying after 4000ms: expected '<button.p-button.p-button-secondary.ng-star-inserted>' to be 'visible'\n\nThis element `<button.p-button.p-button-secondary.ng-star-inserted>` is not visible because its parent `<app-foncia-button.w-100>` has CSS property: `visibility: hidden`\n    at Context.eval (https://fr.foncia.com/__cypress/tests?p=cypress\\integration\\TC03_SearchFunctionality.js:161:356)",
                "diff": null
              },
              "uuid": "b747bf0e-b400-4516-a8b2-a65c3f700ba8",
              "parentUUID": "991458b6-4232-4902-93d7-763ae3609732",
              "isHook": false,
              "skipped": false
            },
            {
              "title": "Check Modifier les criteres button exist ",
              "fullTitle": "Search page Verification Check Modifier les criteres button exist ",
              "timedOut": null,
              "duration": 4681,
              "state": "failed",
              "speed": null,
              "pass": false,
              "fail": true,
              "pending": false,
              "context": null,
              "code": "cy.get('body > app-root > app-search-results > div.p-d-flex.p-flex-wrap.p-flex-row.search-results-container.ng-star-inserted > div.p-col-12.search-results-header-sticky > app-search-result-header > div.search-results-subheader.p-flex-wrap.p-d-sm-flex.p-d-lg-none > div:nth-child(4) > p-button > button > span').should('be.visible');",
              "err": {
                "message": "AssertionError: Timed out retrying after 4000ms: expected '<span.p-button-label.ng-star-inserted>' to be 'visible'\n\nThis element `<span.p-button-label.ng-star-inserted>` is not visible because its parent `<button.w-100.p-button-secondary.p-button.p-component.p-ripple>` has CSS property: `visibility: hidden`",
                "estack": "AssertionError: Timed out retrying after 4000ms: expected '<span.p-button-label.ng-star-inserted>' to be 'visible'\n\nThis element `<span.p-button-label.ng-star-inserted>` is not visible because its parent `<button.w-100.p-button-secondary.p-button.p-component.p-ripple>` has CSS property: `visibility: hidden`\n    at Context.eval (https://fr.foncia.com/__cypress/tests?p=cypress\\integration\\TC03_SearchFunctionality.js:164:316)",
                "diff": null
              },
              "uuid": "50153ed8-18ef-4853-97f9-b079f8f24a13",
              "parentUUID": "991458b6-4232-4902-93d7-763ae3609732",
              "isHook": false,
              "skipped": false
            }
          ],
          "suites": [],
          "passes": [],
          "failures": [
            "ebd0985f-df74-4776-bbb3-afc6ba73cece",
            "b747bf0e-b400-4516-a8b2-a65c3f700ba8",
            "50153ed8-18ef-4853-97f9-b079f8f24a13"
          ],
          "pending": [],
          "skipped": [],
          "duration": 14290,
          "root": false,
          "rootEmpty": false,
          "_timeout": 2000
        }
      ],
      "passes": [],
      "failures": [],
      "pending": [],
      "skipped": [],
      "duration": 0,
      "root": true,
      "rootEmpty": true,
      "_timeout": 2000
    }
  ],
  "meta": {
    "mocha": {
      "version": "7.0.1"
    },
    "mochawesome": {
      "options": {
        "quiet": false,
        "reportFilename": "mochawesome",
        "saveHtml": false,
        "saveJson": true,
        "consoleReporter": "spec",
        "useInlineDiffs": false,
        "code": true
      },
      "version": "7.0.1"
    },
    "marge": {
      "options": {
        "charts": true,
        "overwrite": false,
        "html": false,
        "json": true,
        "reportDir": "cypress/report/mochawesome-report"
      },
      "version": "6.0.1"
    }
  }
}