{
  "stats": {
    "suites": 1,
    "tests": 1,
    "passes": 1,
    "pending": 0,
    "failures": 0,
    "start": "2021-11-29T09:02:06.563Z",
    "end": "2021-11-29T09:02:14.607Z",
    "duration": 8044,
    "testsRegistered": 1,
    "passPercent": 100,
    "pendingPercent": 0,
    "other": 0,
    "hasOther": false,
    "skipped": 0,
    "hasSkipped": false
  },
  "results": [
    {
      "uuid": "66402e1f-72b9-41be-8d7f-cd2360ef709a",
      "title": "",
      "fullFile": "cypress/integration/TC01_FirstOnGoogleSearch.js",
      "file": "cypress/integration/TC01_FirstOnGoogleSearch.js",
      "beforeHooks": [],
      "afterHooks": [],
      "tests": [],
      "suites": [
        {
          "uuid": "1760d5cb-82f1-4597-bed2-3456fe454646",
          "title": "01_Test Case : Check Foncia is first on google Search",
          "fullFile": "",
          "file": "",
          "beforeHooks": [],
          "afterHooks": [],
          "tests": [
            {
              "title": "Search for Foncia",
              "fullTitle": "01_Test Case : Check Foncia is first on google Search Search for Foncia",
              "timedOut": null,
              "duration": 3861,
              "state": "passed",
              "speed": "fast",
              "pass": true,
              "fail": false,
              "pending": false,
              "context": null,
              "code": "//Action : search on google for Foncia\ncy.visit('https://www.google.com/search?q=Foncia'); //Get first element\ncy.get('#search a') //Make an assertion should be our site\n.invoke('attr', 'href').should('eq', 'https://fr.foncia.com/').then(href => console.log(href));",
              "err": {},
              "uuid": "559aabb8-c3f9-47a7-9836-dd18d8c12f68",
              "parentUUID": "1760d5cb-82f1-4597-bed2-3456fe454646",
              "isHook": false,
              "skipped": false
            }
          ],
          "suites": [],
          "passes": [
            "559aabb8-c3f9-47a7-9836-dd18d8c12f68"
          ],
          "failures": [],
          "pending": [],
          "skipped": [],
          "duration": 3861,
          "root": false,
          "rootEmpty": false,
          "_timeout": 2000
        }
      ],
      "passes": [],
      "failures": [],
      "pending": [],
      "skipped": [],
      "duration": 0,
      "root": true,
      "rootEmpty": true,
      "_timeout": 2000
    }
  ],
  "meta": {
    "mocha": {
      "version": "7.0.1"
    },
    "mochawesome": {
      "options": {
        "quiet": false,
        "reportFilename": "mochawesome",
        "saveHtml": false,
        "saveJson": true,
        "consoleReporter": "spec",
        "useInlineDiffs": false,
        "code": true
      },
      "version": "7.0.1"
    },
    "marge": {
      "options": {
        "charts": true,
        "overwrite": false,
        "html": false,
        "json": true,
        "reportDir": "cypress/report/mochawesome-report"
      },
      "version": "6.0.1"
    }
  }
}